Determining if the function sgemm_ exists failed with the following output:
Change Dir: /home/il_kimo/Desktop/tutto/studio/diana/codice/tmp_ZED_odometry/build/CMakeFiles/CMakeTmp

Run Build Command(s):/usr/bin/make cmTC_9275e/fast && /usr/bin/make -f CMakeFiles/cmTC_9275e.dir/build.make CMakeFiles/cmTC_9275e.dir/build
make[1]: Entering directory '/home/il_kimo/Desktop/tutto/studio/diana/codice/tmp_ZED_odometry/build/CMakeFiles/CMakeTmp'
Building C object CMakeFiles/cmTC_9275e.dir/CheckFunctionExists.c.o
/usr/bin/cc   -DCHECK_FUNCTION_EXISTS=sgemm_   -o CMakeFiles/cmTC_9275e.dir/CheckFunctionExists.c.o   -c /usr/share/cmake-3.16/Modules/CheckFunctionExists.c
Linking C executable cmTC_9275e
/usr/bin/cmake -E cmake_link_script CMakeFiles/cmTC_9275e.dir/link.txt --verbose=1
/usr/bin/cc  -DCHECK_FUNCTION_EXISTS=sgemm_    -rdynamic CMakeFiles/cmTC_9275e.dir/CheckFunctionExists.c.o  -o cmTC_9275e 
/usr/bin/ld: CMakeFiles/cmTC_9275e.dir/CheckFunctionExists.c.o: in function `main':
CheckFunctionExists.c:(.text+0x14): undefined reference to `sgemm_'
collect2: error: ld returned 1 exit status
make[1]: *** [CMakeFiles/cmTC_9275e.dir/build.make:87: cmTC_9275e] Error 1
make[1]: Leaving directory '/home/il_kimo/Desktop/tutto/studio/diana/codice/tmp_ZED_odometry/build/CMakeFiles/CMakeTmp'
make: *** [Makefile:121: cmTC_9275e/fast] Error 2



Performing C SOURCE FILE Test CMAKE_HAVE_LIBC_PTHREAD failed with the following output:
Change Dir: /home/il_kimo/Desktop/tutto/studio/diana/codice/tmp_ZED_odometry/build/CMakeFiles/CMakeTmp

Run Build Command(s):/usr/bin/make cmTC_b3b4e/fast && /usr/bin/make -f CMakeFiles/cmTC_b3b4e.dir/build.make CMakeFiles/cmTC_b3b4e.dir/build
make[1]: Entering directory '/home/il_kimo/Desktop/tutto/studio/diana/codice/tmp_ZED_odometry/build/CMakeFiles/CMakeTmp'
Building C object CMakeFiles/cmTC_b3b4e.dir/src.c.o
/usr/bin/cc   -DCMAKE_HAVE_LIBC_PTHREAD   -o CMakeFiles/cmTC_b3b4e.dir/src.c.o   -c /home/il_kimo/Desktop/tutto/studio/diana/codice/tmp_ZED_odometry/build/CMakeFiles/CMakeTmp/src.c
Linking C executable cmTC_b3b4e
/usr/bin/cmake -E cmake_link_script CMakeFiles/cmTC_b3b4e.dir/link.txt --verbose=1
/usr/bin/cc  -DCMAKE_HAVE_LIBC_PTHREAD    -rdynamic CMakeFiles/cmTC_b3b4e.dir/src.c.o  -o cmTC_b3b4e 
/usr/bin/ld: CMakeFiles/cmTC_b3b4e.dir/src.c.o: in function `main':
src.c:(.text+0x46): undefined reference to `pthread_create'
/usr/bin/ld: src.c:(.text+0x52): undefined reference to `pthread_detach'
/usr/bin/ld: src.c:(.text+0x63): undefined reference to `pthread_join'
collect2: error: ld returned 1 exit status
make[1]: *** [CMakeFiles/cmTC_b3b4e.dir/build.make:87: cmTC_b3b4e] Error 1
make[1]: Leaving directory '/home/il_kimo/Desktop/tutto/studio/diana/codice/tmp_ZED_odometry/build/CMakeFiles/CMakeTmp'
make: *** [Makefile:121: cmTC_b3b4e/fast] Error 2


Source file was:
#include <pthread.h>

void* test_func(void* data)
{
  return data;
}

int main(void)
{
  pthread_t thread;
  pthread_create(&thread, NULL, test_func, NULL);
  pthread_detach(thread);
  pthread_join(thread, NULL);
  pthread_atfork(NULL, NULL, NULL);
  pthread_exit(NULL);

  return 0;
}

Determining if the function pthread_create exists in the pthreads failed with the following output:
Change Dir: /home/il_kimo/Desktop/tutto/studio/diana/codice/tmp_ZED_odometry/build/CMakeFiles/CMakeTmp

Run Build Command(s):/usr/bin/make cmTC_659f2/fast && /usr/bin/make -f CMakeFiles/cmTC_659f2.dir/build.make CMakeFiles/cmTC_659f2.dir/build
make[1]: Entering directory '/home/il_kimo/Desktop/tutto/studio/diana/codice/tmp_ZED_odometry/build/CMakeFiles/CMakeTmp'
Building C object CMakeFiles/cmTC_659f2.dir/CheckFunctionExists.c.o
/usr/bin/cc   -DCHECK_FUNCTION_EXISTS=pthread_create   -o CMakeFiles/cmTC_659f2.dir/CheckFunctionExists.c.o   -c /usr/share/cmake-3.16/Modules/CheckFunctionExists.c
Linking C executable cmTC_659f2
/usr/bin/cmake -E cmake_link_script CMakeFiles/cmTC_659f2.dir/link.txt --verbose=1
/usr/bin/cc  -DCHECK_FUNCTION_EXISTS=pthread_create    -rdynamic CMakeFiles/cmTC_659f2.dir/CheckFunctionExists.c.o  -o cmTC_659f2  -lpthreads 
/usr/bin/ld: cannot find -lpthreads
collect2: error: ld returned 1 exit status
make[1]: *** [CMakeFiles/cmTC_659f2.dir/build.make:87: cmTC_659f2] Error 1
make[1]: Leaving directory '/home/il_kimo/Desktop/tutto/studio/diana/codice/tmp_ZED_odometry/build/CMakeFiles/CMakeTmp'
make: *** [Makefile:121: cmTC_659f2/fast] Error 2



